<?xml version="1.0" encoding="UTF-8"?>
<testsuite xmlns:xsi="http://www.w3.org/2001/XMLSchema-instance" xsi:noNamespaceSchemaLocation="https://maven.apache.org/surefire/maven-surefire-plugin/xsd/surefire-test-report.xsd" name="com.comp301.a09nonograms.AppTest" time="0.033" tests="1" errors="0" skipped="0" failures="0">
  <properties>
    <property name="java.specification.version" value="15"/>
    <property name="sun.cpu.isalist" value="amd64"/>
    <property name="sun.jnu.encoding" value="Cp1252"/>
    <property name="java.class.path" value="C:\Users\huaji\IdeaProjects\a09-nonograms-hua8211\target\test-classes;C:\Users\huaji\IdeaProjects\a09-nonograms-hua8211\target\classes;C:\Users\huaji\.m2\repository\junit\junit\4.11\junit-4.11.jar;C:\Users\huaji\.m2\repository\org\hamcrest\hamcrest-core\1.3\hamcrest-core-1.3.jar;C:\Users\huaji\.m2\repository\org\openjfx\javafx-controls\14\javafx-controls-14.jar;C:\Users\huaji\.m2\repository\org\openjfx\javafx-controls\14\javafx-controls-14-win.jar;C:\Users\huaji\.m2\repository\org\openjfx\javafx-graphics\14\javafx-graphics-14.jar;C:\Users\huaji\.m2\repository\org\openjfx\javafx-graphics\14\javafx-graphics-14-win.jar;C:\Users\huaji\.m2\repository\org\openjfx\javafx-base\14\javafx-base-14.jar;C:\Users\huaji\.m2\repository\org\openjfx\javafx-base\14\javafx-base-14-win.jar;C:\Users\huaji\.m2\repository\org\openjfx\javafx-fxml\14\javafx-fxml-14.jar;C:\Users\huaji\.m2\repository\org\openjfx\javafx-fxml\14\javafx-fxml-14-win.jar;"/>
    <property name="java.vm.vendor" value="Oracle Corporation"/>
    <property name="sun.arch.data.model" value="64"/>
    <property name="user.variant" value=""/>
    <property name="java.vendor.url" value="https://java.oracle.com/"/>
    <property name="user.timezone" value="America/New_York"/>
    <property name="os.name" value="Windows 10"/>
    <property name="java.vm.specification.version" value="15"/>
    <property name="sun.java.launcher" value="SUN_STANDARD"/>
    <property name="user.country" value="US"/>
    <property name="sun.boot.library.path" value="C:\Program Files\Java\jdk-15.0.2\bin"/>
    <property name="sun.java.command" value="C:\Users\huaji\AppData\Local\Temp\surefire9914584089187159470\surefirebooter8223605714288580107.jar C:\Users\huaji\AppData\Local\Temp\surefire9914584089187159470 2021-11-29T17-11-02_067-jvmRun1 surefire8876406108786133107tmp surefire_03507522130488783142tmp"/>
    <property name="jdk.debug" value="release"/>
    <property name="surefire.test.class.path" value="C:\Users\huaji\IdeaProjects\a09-nonograms-hua8211\target\test-classes;C:\Users\huaji\IdeaProjects\a09-nonograms-hua8211\target\classes;C:\Users\huaji\.m2\repository\junit\junit\4.11\junit-4.11.jar;C:\Users\huaji\.m2\repository\org\hamcrest\hamcrest-core\1.3\hamcrest-core-1.3.jar;C:\Users\huaji\.m2\repository\org\openjfx\javafx-controls\14\javafx-controls-14.jar;C:\Users\huaji\.m2\repository\org\openjfx\javafx-controls\14\javafx-controls-14-win.jar;C:\Users\huaji\.m2\repository\org\openjfx\javafx-graphics\14\javafx-graphics-14.jar;C:\Users\huaji\.m2\repository\org\openjfx\javafx-graphics\14\javafx-graphics-14-win.jar;C:\Users\huaji\.m2\repository\org\openjfx\javafx-base\14\javafx-base-14.jar;C:\Users\huaji\.m2\repository\org\openjfx\javafx-base\14\javafx-base-14-win.jar;C:\Users\huaji\.m2\repository\org\openjfx\javafx-fxml\14\javafx-fxml-14.jar;C:\Users\huaji\.m2\repository\org\openjfx\javafx-fxml\14\javafx-fxml-14-win.jar;"/>
    <property name="sun.cpu.endian" value="little"/>
    <property name="user.home" value="C:\Users\huaji"/>
    <property name="user.language" value="en"/>
    <property name="java.specification.vendor" value="Oracle Corporation"/>
    <property name="java.version.date" value="2021-01-19"/>
    <property name="java.home" value="C:\Program Files\Java\jdk-15.0.2"/>
    <property name="file.separator" value="\"/>
    <property name="basedir" value="C:\Users\huaji\IdeaProjects\a09-nonograms-hua8211"/>
    <property name="java.vm.compressedOopsMode" value="Zero based"/>
    <property name="line.separator" value="&#10;"/>
    <property name="java.vm.specification.vendor" value="Oracle Corporation"/>
    <property name="java.specification.name" value="Java Platform API Specification"/>
    <property name="surefire.real.class.path" value="C:\Users\huaji\AppData\Local\Temp\surefire9914584089187159470\surefirebooter8223605714288580107.jar"/>
    <property name="user.script" value=""/>
    <property name="sun.management.compiler" value="HotSpot 64-Bit Tiered Compilers"/>
    <property name="java.runtime.version" value="15.0.2+7-27"/>
    <property name="user.name" value="huaji"/>
    <property name="path.separator" value=";"/>
    <property name="os.version" value="10.0"/>
    <property name="java.runtime.name" value="Java(TM) SE Runtime Environment"/>
    <property name="file.encoding" value="Cp1252"/>
    <property name="java.vm.name" value="Java HotSpot(TM) 64-Bit Server VM"/>
    <property name="localRepository" value="C:\Users\huaji\.m2\repository"/>
    <property name="java.vendor.url.bug" value="https://bugreport.java.com/bugreport/"/>
    <property name="java.io.tmpdir" value="C:\Users\huaji\AppData\Local\Temp\"/>
    <property name="idea.version" value="2020.3.2"/>
    <property name="java.version" value="15.0.2"/>
    <property name="user.dir" value="C:\Users\huaji\IdeaProjects\a09-nonograms-hua8211"/>
    <property name="os.arch" value="amd64"/>
    <property name="java.vm.specification.name" value="Java Virtual Machine Specification"/>
    <property name="sun.os.patch.level" value=""/>
    <property name="java.library.path" value="C:\Program Files\Java\jdk-15.0.2\bin;C:\WINDOWS\Sun\Java\bin;C:\WINDOWS\system32;C:\WINDOWS;C:\Program Files\Common Files\Oracle\Java\javapath;C:\Program Files (x86)\Common Files\Oracle\Java\javapath;C:\Windows\system32;C:\Windows;C:\Windows\System32\Wbem;C:\Windows\System32\WindowsPowerShell\v1.0\;C:\Windows\System32\OpenSSH\;C:\Program Files (x86)\NVIDIA Corporation\PhysX\Common;C:\Program Files\NVIDIA Corporation\NVIDIA NvDLISR;C:\Program Files (x86)\PharosSystems\Core;C:\Program Files\Git\cmd;C:\WINDOWS\system32;C:\WINDOWS;C:\WINDOWS\System32\Wbem;C:\WINDOWS\System32\WindowsPowerShell\v1.0\;C:\WINDOWS\System32\OpenSSH\;C:\Program Files\Docker\Docker\resources\bin;C:\ProgramData\DockerDesktop\version-bin;C:\Users\huaji\AppData\Local\Programs\Python\Python38\Scripts\;C:\Users\huaji\AppData\Local\Programs\Python\Python38\;C:\Users\huaji\AppData\Local\Microsoft\WindowsApps;C:\Users\huaji\AppData\Local\Programs\Microsoft VS Code\bin;;."/>
    <property name="java.vm.info" value="mixed mode, sharing"/>
    <property name="java.vendor" value="Oracle Corporation"/>
    <property name="java.vm.version" value="15.0.2+7-27"/>
    <property name="sun.io.unicode.encoding" value="UnicodeLittle"/>
    <property name="java.class.version" value="59.0"/>
  </properties>
  <testcase name="shouldAnswerWithTrue" classname="com.comp301.a09nonograms.AppTest" time="0.001"/>
</testsuite>